2024-06-15 16:08:46,769 [Worker-2] INFO  o.e.b.c.i.u.g.PublishedGradleVersions - Gradle version information cache is up-to-date. Trying to read.
2024-06-15 16:59:36,889 [Worker-1] INFO  o.e.b.c.i.u.g.PublishedGradleVersions - Gradle version information cache is up-to-date. Trying to read.
2024-06-15 17:00:08,053 [Worker-1] INFO  o.e.m.c.i.l.LifecycleMappingFactory - Using org.maven.ide.eclipse.wtp.WarLifecycleMapping lifecycle mapping for MavenProject: kr.happyjob:happyjob:0.0.1-SNAPSHOT @ C:\Users\user\git\egov\marlmsone1\pom.xml.
2024-06-15 17:01:06,298 [Worker-4] INFO  o.e.m.c.i.embedder.EclipseLogger - Using 'UTF-8' encoding to copy filtered resources.
2024-06-15 17:01:06,315 [Worker-4] INFO  o.e.m.c.i.embedder.EclipseLogger - Copying 42 resources
2024-06-15 17:01:06,353 [Worker-4] INFO  o.e.m.c.i.embedder.EclipseLogger - Using 'UTF-8' encoding to copy filtered resources.
2024-06-15 17:01:06,354 [Worker-4] INFO  o.e.m.c.i.embedder.EclipseLogger - skip non existing resourceDirectory C:\Users\user\git\egov\marlmsone1\src\test\resources
2024-06-15 17:04:17,642 [Worker-25] INFO  o.e.m.c.i.l.LifecycleMappingFactory - Using org.maven.ide.eclipse.wtp.WarLifecycleMapping lifecycle mapping for MavenProject: kr.happyjob:happyjob:0.0.1-SNAPSHOT @ C:\Users\user\git\egov\marlmsone1\pom.xml.
2024-06-15 17:04:20,687 [Worker-25] INFO  o.e.m.c.i.embedder.EclipseLogger - Using 'UTF-8' encoding to copy filtered resources.
2024-06-15 17:04:20,689 [Worker-25] INFO  o.e.m.c.i.embedder.EclipseLogger - Copying 0 resource
2024-06-15 17:04:20,691 [Worker-25] INFO  o.e.m.c.i.embedder.EclipseLogger - Using 'UTF-8' encoding to copy filtered resources.
2024-06-15 17:04:20,692 [Worker-25] INFO  o.e.m.c.i.embedder.EclipseLogger - skip non existing resourceDirectory C:\Users\user\git\egov\marlmsone1\src\test\resources
2024-06-15 17:04:20,692 [Worker-25] INFO  o.e.m.w.i.f.ResourceFilteringBuildParticipant - Changed resources require a complete clean of filtered resources of marlmsone1
2024-06-15 17:04:20,694 [Worker-25] INFO  o.e.m.w.i.f.ResourceFilteringBuildParticipant - Executing resource filtering for marlmsone1
2024-06-15 17:04:20,701 [Worker-25] INFO  o.e.m.c.i.embedder.EclipseLogger - Using 'UTF-8' encoding to copy filtered resources.
2024-06-15 17:04:29,054 [Worker-8] INFO  o.e.m.c.i.embedder.EclipseLogger - Using 'UTF-8' encoding to copy filtered resources.
2024-06-15 17:04:29,082 [Worker-8] INFO  o.e.m.c.i.embedder.EclipseLogger - Copying 42 resources
2024-06-15 17:04:29,297 [Worker-8] INFO  o.e.m.c.i.embedder.EclipseLogger - Using 'UTF-8' encoding to copy filtered resources.
2024-06-15 17:04:29,298 [Worker-8] INFO  o.e.m.c.i.embedder.EclipseLogger - skip non existing resourceDirectory C:\Users\user\git\egov\marlmsone1\src\test\resources
2024-06-15 17:04:56,854 [Worker-8] INFO  o.e.m.c.i.p.ProjectConfigurationManager - Update started
2024-06-15 17:04:58,152 [Worker-8] INFO  o.e.m.c.i.l.LifecycleMappingFactory - Using org.maven.ide.eclipse.wtp.WarLifecycleMapping lifecycle mapping for MavenProject: kr.happyjob:happyjob:0.0.1-SNAPSHOT @ C:\Users\user\git\egov\marlmsone1\pom.xml.
2024-06-15 17:05:01,473 [Worker-8] INFO  o.e.m.j.i.AbstractJavaProjectConfigurator - Adding source folder /marlmsone1/src/main/java
2024-06-15 17:05:01,474 [Worker-8] INFO  o.e.m.j.i.AbstractJavaProjectConfigurator - Adding resource folder /marlmsone1/src/main/resources
2024-06-15 17:05:01,476 [Worker-8] INFO  o.e.m.j.i.AbstractJavaProjectConfigurator - Adding source folder /marlmsone1/src/test/java
2024-06-15 17:05:04,064 [Worker-8] INFO  o.e.m.w.i.f.ResourceFilteringBuildParticipant - Cleaning filtered folder for marlmsone1
2024-06-15 17:05:04,087 [Worker-8] INFO  o.e.m.c.i.p.ProjectConfigurationManager - Update completed: 7 sec
2024-06-15 17:05:22,885 [Worker-28] INFO  o.e.m.c.i.embedder.EclipseLogger - Using 'UTF-8' encoding to copy filtered resources.
2024-06-15 17:05:22,888 [Worker-28] INFO  o.e.m.c.i.embedder.EclipseLogger - Copying 42 resources
2024-06-15 17:05:23,056 [Worker-28] INFO  o.e.m.c.i.embedder.EclipseLogger - Using 'UTF-8' encoding to copy filtered resources.
2024-06-15 17:05:23,056 [Worker-28] INFO  o.e.m.c.i.embedder.EclipseLogger - skip non existing resourceDirectory C:\Users\user\git\egov\marlmsone1\src\test\resources
2024-06-15 17:05:23,056 [Worker-28] INFO  o.e.m.w.i.f.ResourceFilteringBuildParticipant - Changed resources require a complete clean of filtered resources of marlmsone1
2024-06-15 17:05:23,057 [Worker-28] INFO  o.e.m.w.i.f.ResourceFilteringBuildParticipant - Executing resource filtering for marlmsone1
